<?xml version="1.0" encoding="UTF-8"?>
<!-- Generated by org.testng.reporters.JUnitReportReporter -->
<testsuite hostname="LAPTOP-38MEE7AV" failures="0" tests="2" name="first.DataProvider1" time="0.010" errors="0" timestamp="2023-02-25T19:43:37 IST" skipped="0">
  <testcase classname="first.DataProvider1" name="read" time="0.009"/>
  <system-out/>
  <testcase classname="first.DataProvider1" name="read" time="0.001"/>
  <system-out/>
</testsuite> <!-- first.DataProvider1 -->
