<?xml version="1.0" encoding="UTF-8"?>
<!-- Generated by org.testng.reporters.JUnitReportReporter -->
<testsuite hostname="LAPTOP-38MEE7AV" failures="0" tests="1" name="practice.TakeScreenShot" time="5.404" errors="0" timestamp="2022-12-01T18:35:13 IST" skipped="0">
  <testcase classname="practice.TakeScreenShot" name="screenShot" time="5.404"/>
  <system-out/>
</testsuite> <!-- practice.TakeScreenShot -->
