<?xml version="1.0" encoding="UTF-8"?>
<!-- Generated by org.testng.reporters.JUnitReportReporter -->
<testsuite hostname="LAPTOP-38MEE7AV" failures="0" tests="1" name="practice.TestScript2" time="0.008" errors="0" timestamp="2022-11-27T18:36:00 IST" skipped="0">
  <testcase classname="practice.TestScript2" name="test" time="0.008"/>
  <system-out/>
</testsuite> <!-- practice.TestScript2 -->
