<?xml version="1.0" encoding="UTF-8"?>
<!-- Generated by org.testng.reporters.JUnitReportReporter -->
<testsuite hostname="LAPTOP-38MEE7AV" failures="0" tests="4" name="practice.DataProviderDemoTest" time="12.230" errors="0" timestamp="2022-11-29T17:53:37 IST" skipped="0">
  <testcase classname="practice.DataProviderDemoTest" name="login" time="1.611"/>
  <system-out/>
  <testcase classname="practice.DataProviderDemoTest" name="login" time="2.449"/>
  <system-out/>
  <testcase classname="practice.DataProviderDemoTest" name="login" time="1.528"/>
  <system-out/>
  <testcase classname="practice.DataProviderDemoTest" name="login" time="6.642"/>
  <system-out/>
</testsuite> <!-- practice.DataProviderDemoTest -->
